<?xml version="1.0" encoding="UTF-8"?>
<!-- Generated by org.testng.reporters.JUnitReportReporter -->
<testsuite hostname="DESKTOP-NFARTSQ" failures="0" tests="1" name="com.big.TestRunners.CucumberRunner" time="36.310" errors="0" timestamp="2023-07-15T17:14:07 IST" skipped="0">
  <testcase classname="com.big.TestRunners.CucumberRunner" name="runScenario" time="36.310"/>
  <system-out/>
</testsuite> <!-- com.big.TestRunners.CucumberRunner -->
